2025-02-06 05:23:33,165 - ERROR - Fallo en la autenticación o permisos insuficientes: Authentication failed., full error: {'ok': 0.0, 'errmsg': 'Authentication failed.', 'code': 18, 'codeName': 'AuthenticationFailed'}
2025-02-06 05:24:29,252 - INFO - Conexión exitosa
2025-02-06 05:25:40,935 - INFO - Conexión exitosa
2025-02-06 05:26:00,730 - INFO - Conexión exitosa
2025-02-06 05:26:00,794 - INFO - Colección 'libros' creada exitosamente.
2025-02-06 05:26:00,795 - INFO - Libro insertado con ID: 67a439d82a447f77731b7013
2025-02-06 05:26:00,795 - INFO - Libro insertado con ID: 67a439d82a447f77731b7014
2025-02-06 05:26:00,796 - INFO - Libro insertado con ID: 67a439d82a447f77731b7015
2025-02-06 05:26:00,796 - INFO - Consulta realizada exitosamente.
2025-02-06 05:26:00,797 - INFO - Libro actualizado exitosamente.
2025-02-06 05:26:00,798 - INFO - 1 libros eliminados.
2025-02-06 05:26:00,798 - INFO - Consulta realizada exitosamente.
2025-02-06 05:26:00,800 - INFO - Colección 'libros' eliminada.
2025-02-06 05:29:16,722 - INFO - Conexión exitosa
2025-02-06 05:29:16,773 - INFO - Colección 'libros' creada exitosamente.
2025-02-06 05:29:16,774 - INFO - Libro insertado con ID: 67a43a9cba3d20bfaeb851c3
2025-02-06 05:29:16,775 - INFO - Libro insertado con ID: 67a43a9cba3d20bfaeb851c4
2025-02-06 05:29:16,776 - INFO - Libro insertado con ID: 67a43a9cba3d20bfaeb851c5
2025-02-06 05:29:16,776 - INFO - Consulta realizada exitosamente.
2025-02-06 05:29:16,778 - INFO - Libro actualizado exitosamente.
2025-02-06 05:29:16,779 - INFO - 1 libros eliminados.
2025-02-06 05:29:16,779 - INFO - Consulta realizada exitosamente.
2025-02-06 05:29:16,782 - INFO - Colección 'libros' eliminada.
2025-02-06 05:31:43,910 - INFO - Conexión exitosa
2025-02-06 05:31:43,952 - INFO - Colección 'libros' creada exitosamente.
2025-02-06 05:31:43,953 - INFO - Libro insertado con ID: 67a43b2f3c6ef17e8e1ab3d4
2025-02-06 05:31:43,954 - INFO - Libro insertado con ID: 67a43b2f3c6ef17e8e1ab3d5
2025-02-06 05:31:43,955 - INFO - Libro insertado con ID: 67a43b2f3c6ef17e8e1ab3d6
2025-02-06 05:31:43,955 - INFO - Consulta realizada exitosamente.
2025-02-06 05:31:43,956 - INFO - Libro actualizado exitosamente.
2025-02-06 05:31:43,957 - INFO - 1 libros eliminados.
2025-02-06 05:31:43,957 - INFO - Consulta realizada exitosamente.
2025-02-06 05:31:43,960 - INFO - Colección 'libros' eliminada.
2025-02-06 05:31:43,961 - INFO - Conexión a MongoDB cerrada.
